<?xml version="1.0" encoding="UTF-8"?>
<testsuite xmlns:xsi="http://www.w3.org/2001/XMLSchema-instance" xsi:noNamespaceSchemaLocation="https://maven.apache.org/surefire/maven-surefire-plugin/xsd/surefire-test-report-3.0.xsd" version="3.0" name="com.rashi.application.RashiApplication1ApplicationTests" time="6.63" tests="1" errors="0" skipped="0" failures="0">
  <properties>
[...]
</properties>
  <testcase name="contextLoads" classname="com.rashi.application.RashiApplication1ApplicationTests" time="0.63">
    <system-out><![CDATA[19:53:11.490 [main] INFO org.springframework.test.context.support.AnnotationConfigContextLoaderUtils -- Could not detect default configuration classes for test class [com.rashi.application.RashiApplication1ApplicationTests]: RashiApplication1ApplicationTests does not declare any static, non-private, non-final, nested classes annotated with @Configuration.
19:53:11.633 [main] INFO org.springframework.boot.test.context.SpringBootTestContextBootstrapper -- Found @SpringBootConfiguration com.rashi.application.RashiApplication1Application for test class com.rashi.application.RashiApplication1ApplicationTests
19:53:11.866 [main] INFO org.springframework.boot.devtools.restart.RestartApplicationListener -- Restart disabled due to context in which it is running

  .   ____          _            __ _ _
 /\\ / ___'_ __ _ _(_)_ __  __ _ \ \ \ \
( ( )\___ | '_ | '_| | '_ \/ _` | \ \ \ \
 \\/  ___)| |_)| | | | | || (_| |  ) ) ) )
  '  |____| .__|_| |_|_| |_\__, | / / / /
 =========|_|==============|___/=/_/_/_/

 :: Spring Boot ::                (v3.3.1)

2024-07-14T19:53:12.180+05:30  INFO 6432 --- [RashiApplication-1] [           main] c.r.a.RashiApplication1ApplicationTests  : Starting RashiApplication1ApplicationTests using Java 17.0.10 with PID 6432 (started by darsh in C:\Users\darsh\OneDrive\Desktop\Newfolder\RashiApplication-1)
2024-07-14T19:53:12.181+05:30  INFO 6432 --- [RashiApplication-1] [           main] c.r.a.RashiApplication1ApplicationTests  : No active profile set, falling back to 1 default profile: "default"
2024-07-14T19:53:13.104+05:30  INFO 6432 --- [RashiApplication-1] [           main] .s.d.r.c.RepositoryConfigurationDelegate : Bootstrapping Spring Data JPA repositories in DEFAULT mode.
2024-07-14T19:53:13.199+05:30  INFO 6432 --- [RashiApplication-1] [           main] .s.d.r.c.RepositoryConfigurationDelegate : Finished Spring Data repository scanning in 86 ms. Found 5 JPA repository interfaces.
2024-07-14T19:53:13.846+05:30  INFO 6432 --- [RashiApplication-1] [           main] o.hibernate.jpa.internal.util.LogHelper  : HHH000204: Processing PersistenceUnitInfo [name: default]
2024-07-14T19:53:13.947+05:30  INFO 6432 --- [RashiApplication-1] [           main] org.hibernate.Version                    : HHH000412: Hibernate ORM core version 6.5.2.Final
2024-07-14T19:53:14.007+05:30  INFO 6432 --- [RashiApplication-1] [           main] o.h.c.internal.RegionFactoryInitiator    : HHH000026: Second-level cache disabled
2024-07-14T19:53:14.187+05:30 DEBUG 6432 --- [RashiApplication-1] [           main] org.hibernate.type.BasicTypeRegistry     : Adding type registration boolean -> org.hibernate.type.BasicTypeReference@28b8f98a
2024-07-14T19:53:14.187+05:30 DEBUG 6432 --- [RashiApplication-1] [           main] org.hibernate.type.BasicTypeRegistry     : Adding type registration boolean -> org.hibernate.type.BasicTypeReference@28b8f98a
2024-07-14T19:53:14.187+05:30 DEBUG 6432 --- [RashiApplication-1] [           main] org.hibernate.type.BasicTypeRegistry     : Adding type registration java.lang.Boolean -> org.hibernate.type.BasicTypeReference@28b8f98a
2024-07-14T19:53:14.187+05:30 DEBUG 6432 --- [RashiApplication-1] [           main] org.hibernate.type.BasicTypeRegistry     : Adding type registration numeric_boolean -> org.hibernate.type.BasicTypeReference@3b4ef59f
2024-07-14T19:53:14.187+05:30 DEBUG 6432 --- [RashiApplication-1] [           main] org.hibernate.type.BasicTypeRegistry     : Adding type registration org.hibernate.type.NumericBooleanConverter -> org.hibernate.type.BasicTypeReference@3b4ef59f
2024-07-14T19:53:14.187+05:30 DEBUG 6432 --- [RashiApplication-1] [           main] org.hibernate.type.BasicTypeRegistry     : Adding type registration true_false -> org.hibernate.type.BasicTypeReference@22cb3d59
2024-07-14T19:53:14.187+05:30 DEBUG 6432 --- [RashiApplication-1] [           main] org.hibernate.type.BasicTypeRegistry     : Adding type registration org.hibernate.type.TrueFalseConverter -> org.hibernate.type.BasicTypeReference@22cb3d59
2024-07-14T19:53:14.187+05:30 DEBUG 6432 --- [RashiApplication-1] [           main] org.hibernate.type.BasicTypeRegistry     : Adding type registration yes_no -> org.hibernate.type.BasicTypeReference@33e4b9c4
2024-07-14T19:53:14.188+05:30 DEBUG 6432 --- [RashiApplication-1] [           main] org.hibernate.type.BasicTypeRegistry     : Adding type registration org.hibernate.type.YesNoConverter -> org.hibernate.type.BasicTypeReference@33e4b9c4
2024-07-14T19:53:14.188+05:30 DEBUG 6432 --- [RashiApplication-1] [           main] org.hibernate.type.BasicTypeRegistry     : Adding type registration byte -> org.hibernate.type.BasicTypeReference@5cff729b
2024-07-14T19:53:14.188+05:30 DEBUG 6432 --- [RashiApplication-1] [           main] org.hibernate.type.BasicTypeRegistry     : Adding type registration byte -> org.hibernate.type.BasicTypeReference@5cff729b
2024-07-14T19:53:14.188+05:30 DEBUG 6432 --- [RashiApplication-1] [           main] org.hibernate.type.BasicTypeRegistry     : Adding type registration java.lang.Byte -> org.hibernate.type.BasicTypeReference@5cff729b
2024-07-14T19:53:14.188+05:30 DEBUG 6432 --- [RashiApplication-1] [           main] org.hibernate.type.BasicTypeRegistry     : Adding type registration binary -> org.hibernate.type.BasicTypeReference@10d18696
2024-07-14T19:53:14.189+05:30 DEBUG 6432 --- [RashiApplication-1] [           main] org.hibernate.type.BasicTypeRegistry     : Adding type registration byte[] -> org.hibernate.type.BasicTypeReference@10d18696
2024-07-14T19:53:14.189+05:30 DEBUG 6432 --- [RashiApplication-1] [           main] org.hibernate.type.BasicTypeRegistry     : Adding type registration [B -> org.hibernate.type.BasicTypeReference@10d18696
2024-07-14T19:53:14.189+05:30 DEBUG 6432 --- [RashiApplication-1] [           main] org.hibernate.type.BasicTypeRegistry     : Adding type registration binary_wrapper -> org.hibernate.type.BasicTypeReference@5a7b309b
2024-07-14T19:53:14.189+05:30 DEBUG 6432 --- [RashiApplication-1] [           main] org.hibernate.type.BasicTypeRegistry     : Adding type registration wrapper-binary -> org.hibernate.type.BasicTypeReference@5a7b309b
2024-07-14T19:53:14.189+05:30 DEBUG 6432 --- [RashiApplication-1] [           main] org.hibernate.type.BasicTypeRegistry     : Adding type registration image -> org.hibernate.type.BasicTypeReference@4602f874
2024-07-14T19:53:14.189+05:30 DEBUG 6432 --- [RashiApplication-1] [           main] org.hibernate.type.BasicTypeRegistry     : Adding type registration blob -> org.hibernate.type.BasicTypeReference@7739aac4
2024-07-14T19:53:14.189+05:30 DEBUG 6432 --- [RashiApplication-1] [           main] org.hibernate.type.BasicTypeRegistry     : Adding type registration java.sql.Blob -> org.hibernate.type.BasicTypeReference@7739aac4
2024-07-14T19:53:14.189+05:30 DEBUG 6432 --- [RashiApplication-1] [           main] org.hibernate.type.BasicTypeRegistry     : Adding type registration materialized_blob -> org.hibernate.type.BasicTypeReference@353c6da1
2024-07-14T19:53:14.190+05:30 DEBUG 6432 --- [RashiApplication-1] [           main] org.hibernate.type.BasicTypeRegistry     : Adding type registration materialized_blob_wrapper -> org.hibernate.type.BasicTypeReference@36c07c75
2024-07-14T19:53:14.190+05:30 DEBUG 6432 --- [RashiApplication-1] [           main] org.hibernate.type.BasicTypeRegistry     : Adding type registration short -> org.hibernate.type.BasicTypeReference@6750e381
2024-07-14T19:53:14.190+05:30 DEBUG 6432 --- [RashiApplication-1] [           main] org.hibernate.type.BasicTypeRegistry     : Adding type registration short -> org.hibernate.type.BasicTypeReference@6750e381
2024-07-14T19:53:14.190+05:30 DEBUG 6432 --- [RashiApplication-1] [           main] org.hibernate.type.BasicTypeRegistry     : Adding type registration java.lang.Short -> org.hibernate.type.BasicTypeReference@6750e381
2024-07-14T19:53:14.190+05:30 DEBUG 6432 --- [RashiApplication-1] [           main] org.hibernate.type.BasicTypeRegistry     : Adding type registration integer -> org.hibernate.type.BasicTypeReference@5d850a25
2024-07-14T19:53:14.190+05:30 DEBUG 6432 --- [RashiApplication-1] [           main] org.hibernate.type.BasicTypeRegistry     : Adding type registration int -> org.hibernate.type.BasicTypeReference@5d850a25
2024-07-14T19:53:14.190+05:30 DEBUG 6432 --- [RashiApplication-1] [           main] org.hibernate.type.BasicTypeRegistry     : Adding type registration java.lang.Integer -> org.hibernate.type.BasicTypeReference@5d850a25
2024-07-14T19:53:14.190+05:30 DEBUG 6432 --- [RashiApplication-1] [           main] org.hibernate.type.BasicTypeRegistry     : Adding type registration long -> org.hibernate.type.BasicTypeReference@b022551
2024-07-14T19:53:14.190+05:30 DEBUG 6432 --- [RashiApplication-1] [           main] org.hibernate.type.BasicTypeRegistry     : Adding type registration long -> org.hibernate.type.BasicTypeReference@b022551
2024-07-14T19:53:14.190+05:30 DEBUG 6432 --- [RashiApplication-1] [           main] org.hibernate.type.BasicTypeRegistry     : Adding type registration java.lang.Long -> org.hibernate.type.BasicTypeReference@b022551
2024-07-14T19:53:14.190+05:30 DEBUG 6432 --- [RashiApplication-1] [           main] org.hibernate.type.BasicTypeRegistry     : Adding type registration float -> org.hibernate.type.BasicTypeReference@3e14d390
2024-07-14T19:53:14.191+05:30 DEBUG 6432 --- [RashiApplication-1] [           main] org.hibernate.type.BasicTypeRegistry     : Adding type registration float -> org.hibernate.type.BasicTypeReference@3e14d390
2024-07-14T19:53:14.191+05:30 DEBUG 6432 --- [RashiApplication-1] [           main] org.hibernate.type.BasicTypeRegistry     : Adding type registration java.lang.Float -> org.hibernate.type.BasicTypeReference@3e14d390
2024-07-14T19:53:14.191+05:30 DEBUG 6432 --- [RashiApplication-1] [           main] org.hibernate.type.BasicTypeRegistry     : Adding type registration double -> org.hibernate.type.BasicTypeReference@5eb87338
2024-07-14T19:53:14.191+05:30 DEBUG 6432 --- [RashiApplication-1] [           main] org.hibernate.type.BasicTypeRegistry     : Adding type registration double -> org.hibernate.type.BasicTypeReference@5eb87338
2024-07-14T19:53:14.191+05:30 DEBUG 6432 --- [RashiApplication-1] [           main] org.hibernate.type.BasicTypeRegistry     : Adding type registration java.lang.Double -> org.hibernate.type.BasicTypeReference@5eb87338
2024-07-14T19:53:14.191+05:30 DEBUG 6432 --- [RashiApplication-1] [           main] org.hibernate.type.BasicTypeRegistry     : Adding type registration big_integer -> org.hibernate.type.BasicTypeReference@2b999ee8
2024-07-14T19:53:14.191+05:30 DEBUG 6432 --- [RashiApplication-1] [           main] org.hibernate.type.BasicTypeRegistry     : Adding type registration java.math.BigInteger -> org.hibernate.type.BasicTypeReference@2b999ee8
2024-07-14T19:53:14.191+05:30 DEBUG 6432 --- [RashiApplication-1] [           main] org.hibernate.type.BasicTypeRegistry     : Adding type registration big_decimal -> org.hibernate.type.BasicTypeReference@31ab1e67
2024-07-14T19:53:14.192+05:30 DEBUG 6432 --- [RashiApplication-1] [           main] org.hibernate.type.BasicTypeRegistry     : Adding type registration java.math.BigDecimal -> org.hibernate.type.BasicTypeReference@31ab1e67
2024-07-14T19:53:14.192+05:30 DEBUG 6432 --- [RashiApplication-1] [           main] org.hibernate.type.BasicTypeRegistry     : Adding type registration character -> org.hibernate.type.BasicTypeReference@29bbc391
2024-07-14T19:53:14.192+05:30 DEBUG 6432 --- [RashiApplication-1] [           main] org.hibernate.type.BasicTypeRegistry     : Adding type registration char -> org.hibernate.type.BasicTypeReference@29bbc391
2024-07-14T19:53:14.192+05:30 DEBUG 6432 --- [RashiApplication-1] [           main] org.hibernate.type.BasicTypeRegistry     : Adding type registration java.lang.Character -> org.hibernate.type.BasicTypeReference@29bbc391
2024-07-14T19:53:14.192+05:30 DEBUG 6432 --- [RashiApplication-1] [           main] org.hibernate.type.BasicTypeRegistry     : Adding type registration character_nchar -> org.hibernate.type.BasicTypeReference@3487442d
2024-07-14T19:53:14.192+05:30 DEBUG 6432 --- [RashiApplication-1] [           main] org.hibernate.type.BasicTypeRegistry     : Adding type registration string -> org.hibernate.type.BasicTypeReference@530ee28b
2024-07-14T19:53:14.192+05:30 DEBUG 6432 --- [RashiApplication-1] [           main] org.hibernate.type.BasicTypeRegistry     : Adding type registration java.lang.String -> org.hibernate.type.BasicTypeReference@530ee28b
2024-07-14T19:53:14.192+05:30 DEBUG 6432 --- [RashiApplication-1] [           main] org.hibernate.type.BasicTypeRegistry     : Adding type registration nstring -> org.hibernate.type.BasicTypeReference@3a3f96ab
2024-07-14T19:53:14.193+05:30 DEBUG 6432 --- [RashiApplication-1] [           main] org.hibernate.type.BasicTypeRegistry     : Adding type registration characters -> org.hibernate.type.BasicTypeReference@4def7d36
2024-07-14T19:53:14.193+05:30 DEBUG 6432 --- [RashiApplication-1] [           main] org.hibernate.type.BasicTypeRegistry     : Adding type registration char[] -> org.hibernate.type.BasicTypeReference@4def7d36
2024-07-14T19:53:14.193+05:30 DEBUG 6432 --- [RashiApplication-1] [           main] org.hibernate.type.BasicTypeRegistry     : Adding type registration [C -> org.hibernate.type.BasicTypeReference@4def7d36
2024-07-14T19:53:14.193+05:30 DEBUG 6432 --- [RashiApplication-1] [           main] org.hibernate.type.BasicTypeRegistry     : Adding type registration wrapper-characters -> org.hibernate.type.BasicTypeReference@43c7fe8a
2024-07-14T19:53:14.193+05:30 DEBUG 6432 --- [RashiApplication-1] [           main] org.hibernate.type.BasicTypeRegistry     : Adding type registration text -> org.hibernate.type.BasicTypeReference@67f946c3
2024-07-14T19:53:14.193+05:30 DEBUG 6432 --- [RashiApplication-1] [           main] org.hibernate.type.BasicTypeRegistry     : Adding type registration ntext -> org.hibernate.type.BasicTypeReference@21b51e59
2024-07-14T19:53:14.193+05:30 DEBUG 6432 --- [RashiApplication-1] [           main] org.hibernate.type.BasicTypeRegistry     : Adding type registration clob -> org.hibernate.type.BasicTypeReference@1785d194
2024-07-14T19:53:14.193+05:30 DEBUG 6432 --- [RashiApplication-1] [           main] org.hibernate.type.BasicTypeRegistry     : Adding type registration java.sql.Clob -> org.hibernate.type.BasicTypeReference@1785d194
2024-07-14T19:53:14.193+05:30 DEBUG 6432 --- [RashiApplication-1] [           main] org.hibernate.type.BasicTypeRegistry     : Adding type registration nclob -> org.hibernate.type.BasicTypeReference@6b4a4e40
2024-07-14T19:53:14.193+05:30 DEBUG 6432 --- [RashiApplication-1] [           main] org.hibernate.type.BasicTypeRegistry     : Adding type registration java.sql.NClob -> org.hibernate.type.BasicTypeReference@6b4a4e40
2024-07-14T19:53:14.193+05:30 DEBUG 6432 --- [RashiApplication-1] [           main] org.hibernate.type.BasicTypeRegistry     : Adding type registration materialized_clob -> org.hibernate.type.BasicTypeReference@46a8c2b4
2024-07-14T19:53:14.194+05:30 DEBUG 6432 --- [RashiApplication-1] [           main] org.hibernate.type.BasicTypeRegistry     : Adding type registration materialized_clob_char_array -> org.hibernate.type.BasicTypeReference@4f664bee
2024-07-14T19:53:14.194+05:30 DEBUG 6432 --- [RashiApplication-1] [           main] org.hibernate.type.BasicTypeRegistry     : Adding type registration materialized_clob_character_array -> org.hibernate.type.BasicTypeReference@76563ae7
2024-07-14T19:53:14.194+05:30 DEBUG 6432 --- [RashiApplication-1] [           main] org.hibernate.type.BasicTypeRegistry     : Adding type registration materialized_nclob -> org.hibernate.type.BasicTypeReference@4fd74223
2024-07-14T19:53:14.194+05:30 DEBUG 6432 --- [RashiApplication-1] [           main] org.hibernate.type.BasicTypeRegistry     : Adding type registration materialized_nclob_character_array -> org.hibernate.type.BasicTypeReference@4fea840f
2024-07-14T19:53:14.194+05:30 DEBUG 6432 --- [RashiApplication-1] [           main] org.hibernate.type.BasicTypeRegistry     : Adding type registration materialized_nclob_char_array -> org.hibernate.type.BasicTypeReference@32ae8f27
2024-07-14T19:53:14.194+05:30 DEBUG 6432 --- [RashiApplication-1] [           main] org.hibernate.type.BasicTypeRegistry     : Adding type registration Duration -> org.hibernate.type.BasicTypeReference@75e80a97
2024-07-14T19:53:14.194+05:30 DEBUG 6432 --- [RashiApplication-1] [           main] org.hibernate.type.BasicTypeRegistry     : Adding type registration java.time.Duration -> org.hibernate.type.BasicTypeReference@75e80a97
2024-07-14T19:53:14.194+05:30 DEBUG 6432 --- [RashiApplication-1] [           main] org.hibernate.type.BasicTypeRegistry     : Adding type registration LocalDateTime -> org.hibernate.type.BasicTypeReference@5b8853
2024-07-14T19:53:14.194+05:30 DEBUG 6432 --- [RashiApplication-1] [           main] org.hibernate.type.BasicTypeRegistry     : Adding type registration java.time.LocalDateTime -> org.hibernate.type.BasicTypeReference@5b8853
2024-07-14T19:53:14.194+05:30 DEBUG 6432 --- [RashiApplication-1] [           main] org.hibernate.type.BasicTypeRegistry     : Adding type registration LocalDate -> org.hibernate.type.BasicTypeReference@1b8aaeab
2024-07-14T19:53:14.194+05:30 DEBUG 6432 --- [RashiApplication-1] [           main] org.hibernate.type.BasicTypeRegistry     : Adding type registration java.time.LocalDate -> org.hibernate.type.BasicTypeReference@1b8aaeab
2024-07-14T19:53:14.195+05:30 DEBUG 6432 --- [RashiApplication-1] [           main] org.hibernate.type.BasicTypeRegistry     : Adding type registration LocalTime -> org.hibernate.type.BasicTypeReference@5d1bdd4a
2024-07-14T19:53:14.195+05:30 DEBUG 6432 --- [RashiApplication-1] [           main] org.hibernate.type.BasicTypeRegistry     : Adding type registration java.time.LocalTime -> org.hibernate.type.BasicTypeReference@5d1bdd4a
2024-07-14T19:53:14.195+05:30 DEBUG 6432 --- [RashiApplication-1] [           main] org.hibernate.type.BasicTypeRegistry     : Adding type registration OffsetDateTime -> org.hibernate.type.BasicTypeReference@6812c8cc
2024-07-14T19:53:14.195+05:30 DEBUG 6432 --- [RashiApplication-1] [           main] org.hibernate.type.BasicTypeRegistry     : Adding type registration java.time.OffsetDateTime -> org.hibernate.type.BasicTypeReference@6812c8cc
2024-07-14T19:53:14.195+05:30 DEBUG 6432 --- [RashiApplication-1] [           main] org.hibernate.type.BasicTypeRegistry     : Adding type registration OffsetDateTimeWithTimezone -> org.hibernate.type.BasicTypeReference@3457cc8d
2024-07-14T19:53:14.195+05:30 DEBUG 6432 --- [RashiApplication-1] [           main] org.hibernate.type.BasicTypeRegistry     : Adding type registration OffsetDateTimeWithoutTimezone -> org.hibernate.type.BasicTypeReference@7a66c35a
2024-07-14T19:53:14.195+05:30 DEBUG 6432 --- [RashiApplication-1] [           main] org.hibernate.type.BasicTypeRegistry     : Adding type registration OffsetTime -> org.hibernate.type.BasicTypeReference@7994a0d1
2024-07-14T19:53:14.195+05:30 DEBUG 6432 --- [RashiApplication-1] [           main] org.hibernate.type.BasicTypeRegistry     : Adding type registration java.time.OffsetTime -> org.hibernate.type.BasicTypeReference@7994a0d1
2024-07-14T19:53:14.195+05:30 DEBUG 6432 --- [RashiApplication-1] [           main] org.hibernate.type.BasicTypeRegistry     : Adding type registration OffsetTimeUtc -> org.hibernate.type.BasicTypeReference@73e4387
2024-07-14T19:53:14.195+05:30 DEBUG 6432 --- [RashiApplication-1] [           main] org.hibernate.type.BasicTypeRegistry     : Adding type registration OffsetTimeWithTimezone -> org.hibernate.type.BasicTypeReference@d87d449
2024-07-14T19:53:14.195+05:30 DEBUG 6432 --- [RashiApplication-1] [           main] org.hibernate.type.BasicTypeRegistry     : Adding type registration OffsetTimeWithoutTimezone -> org.hibernate.type.BasicTypeReference@4137aab0
2024-07-14T19:53:14.195+05:30 DEBUG 6432 --- [RashiApplication-1] [           main] org.hibernate.type.BasicTypeRegistry     : Adding type registration ZonedDateTime -> org.hibernate.type.BasicTypeReference@1df9186f
2024-07-14T19:53:14.196+05:30 DEBUG 6432 --- [RashiApplication-1] [           main] org.hibernate.type.BasicTypeRegistry     : Adding type registration java.time.ZonedDateTime -> org.hibernate.type.BasicTypeReference@1df9186f
2024-07-14T19:53:14.196+05:30 DEBUG 6432 --- [RashiApplication-1] [           main] org.hibernate.type.BasicTypeRegistry     : Adding type registration ZonedDateTimeWithTimezone -> org.hibernate.type.BasicTypeReference@682e422c
2024-07-14T19:53:14.196+05:30 DEBUG 6432 --- [RashiApplication-1] [           main] org.hibernate.type.BasicTypeRegistry     : Adding type registration ZonedDateTimeWithoutTimezone -> org.hibernate.type.BasicTypeReference@5bb8e6fc
2024-07-14T19:53:14.196+05:30 DEBUG 6432 --- [RashiApplication-1] [           main] org.hibernate.type.BasicTypeRegistry     : Adding type registration date -> org.hibernate.type.BasicTypeReference@2726a511
2024-07-14T19:53:14.196+05:30 DEBUG 6432 --- [RashiApplication-1] [           main] org.hibernate.type.BasicTypeRegistry     : Adding type registration java.sql.Date -> org.hibernate.type.BasicTypeReference@2726a511
2024-07-14T19:53:14.196+05:30 DEBUG 6432 --- [RashiApplication-1] [           main] org.hibernate.type.BasicTypeRegistry     : Adding type registration time -> org.hibernate.type.BasicTypeReference@72c9ebfa
2024-07-14T19:53:14.196+05:30 DEBUG 6432 --- [RashiApplication-1] [           main] org.hibernate.type.BasicTypeRegistry     : Adding type registration java.sql.Time -> org.hibernate.type.BasicTypeReference@72c9ebfa
2024-07-14T19:53:14.196+05:30 DEBUG 6432 --- [RashiApplication-1] [           main] org.hibernate.type.BasicTypeRegistry     : Adding type registration timestamp -> org.hibernate.type.BasicTypeReference@686cf8ad
2024-07-14T19:53:14.196+05:30 DEBUG 6432 --- [RashiApplication-1] [           main] org.hibernate.type.BasicTypeRegistry     : Adding type registration java.sql.Timestamp -> org.hibernate.type.BasicTypeReference@686cf8ad
2024-07-14T19:53:14.196+05:30 DEBUG 6432 --- [RashiApplication-1] [           main] org.hibernate.type.BasicTypeRegistry     : Adding type registration java.util.Date -> org.hibernate.type.BasicTypeReference@686cf8ad
2024-07-14T19:53:14.196+05:30 DEBUG 6432 --- [RashiApplication-1] [           main] org.hibernate.type.BasicTypeRegistry     : Adding type registration calendar -> org.hibernate.type.BasicTypeReference@747f6c5a
2024-07-14T19:53:14.196+05:30 DEBUG 6432 --- [RashiApplication-1] [           main] org.hibernate.type.BasicTypeRegistry     : Adding type registration java.util.Calendar -> org.hibernate.type.BasicTypeReference@747f6c5a
2024-07-14T19:53:14.197+05:30 DEBUG 6432 --- [RashiApplication-1] [           main] org.hibernate.type.BasicTypeRegistry     : Adding type registration java.util.GregorianCalendar -> org.hibernate.type.BasicTypeReference@747f6c5a
2024-07-14T19:53:14.197+05:30 DEBUG 6432 --- [RashiApplication-1] [           main] org.hibernate.type.BasicTypeRegistry     : Adding type registration calendar_date -> org.hibernate.type.BasicTypeReference@66e341e9
2024-07-14T19:53:14.197+05:30 DEBUG 6432 --- [RashiApplication-1] [           main] org.hibernate.type.BasicTypeRegistry     : Adding type registration calendar_time -> org.hibernate.type.BasicTypeReference@5b48f0f4
2024-07-14T19:53:14.197+05:30 DEBUG 6432 --- [RashiApplication-1] [           main] org.hibernate.type.BasicTypeRegistry     : Adding type registration instant -> org.hibernate.type.BasicTypeReference@546ed2a0
2024-07-14T19:53:14.197+05:30 DEBUG 6432 --- [RashiApplication-1] [           main] org.hibernate.type.BasicTypeRegistry     : Adding type registration java.time.Instant -> org.hibernate.type.BasicTypeReference@546ed2a0
2024-07-14T19:53:14.197+05:30 DEBUG 6432 --- [RashiApplication-1] [           main] org.hibernate.type.BasicTypeRegistry     : Adding type registration uuid -> org.hibernate.type.BasicTypeReference@5bfc79cb
2024-07-14T19:53:14.197+05:30 DEBUG 6432 --- [RashiApplication-1] [           main] org.hibernate.type.BasicTypeRegistry     : Adding type registration java.util.UUID -> org.hibernate.type.BasicTypeReference@5bfc79cb
2024-07-14T19:53:14.197+05:30 DEBUG 6432 --- [RashiApplication-1] [           main] org.hibernate.type.BasicTypeRegistry     : Adding type registration pg-uuid -> org.hibernate.type.BasicTypeReference@5bfc79cb
2024-07-14T19:53:14.197+05:30 DEBUG 6432 --- [RashiApplication-1] [           main] org.hibernate.type.BasicTypeRegistry     : Adding type registration uuid-binary -> org.hibernate.type.BasicTypeReference@27ec8754
2024-07-14T19:53:14.197+05:30 DEBUG 6432 --- [RashiApplication-1] [           main] org.hibernate.type.BasicTypeRegistry     : Adding type registration uuid-char -> org.hibernate.type.BasicTypeReference@3bbf1c0d
2024-07-14T19:53:14.197+05:30 DEBUG 6432 --- [RashiApplication-1] [           main] org.hibernate.type.BasicTypeRegistry     : Adding type registration class -> org.hibernate.type.BasicTypeReference@19662208
2024-07-14T19:53:14.197+05:30 DEBUG 6432 --- [RashiApplication-1] [           main] org.hibernate.type.BasicTypeRegistry     : Adding type registration java.lang.Class -> org.hibernate.type.BasicTypeReference@19662208
2024-07-14T19:53:14.197+05:30 DEBUG 6432 --- [RashiApplication-1] [           main] org.hibernate.type.BasicTypeRegistry     : Adding type registration currency -> org.hibernate.type.BasicTypeReference@216c22ce
2024-07-14T19:53:14.197+05:30 DEBUG 6432 --- [RashiApplication-1] [           main] org.hibernate.type.BasicTypeRegistry     : Adding type registration Currency -> org.hibernate.type.BasicTypeReference@216c22ce
2024-07-14T19:53:14.198+05:30 DEBUG 6432 --- [RashiApplication-1] [           main] org.hibernate.type.BasicTypeRegistry     : Adding type registration java.util.Currency -> org.hibernate.type.BasicTypeReference@216c22ce
2024-07-14T19:53:14.198+05:30 DEBUG 6432 --- [RashiApplication-1] [           main] org.hibernate.type.BasicTypeRegistry     : Adding type registration locale -> org.hibernate.type.BasicTypeReference@62f9c790
2024-07-14T19:53:14.198+05:30 DEBUG 6432 --- [RashiApplication-1] [           main] org.hibernate.type.BasicTypeRegistry     : Adding type registration java.util.Locale -> org.hibernate.type.BasicTypeReference@62f9c790
2024-07-14T19:53:14.198+05:30 DEBUG 6432 --- [RashiApplication-1] [           main] org.hibernate.type.BasicTypeRegistry     : Adding type registration serializable -> org.hibernate.type.BasicTypeReference@21e5f0b6
2024-07-14T19:53:14.198+05:30 DEBUG 6432 --- [RashiApplication-1] [           main] org.hibernate.type.BasicTypeRegistry     : Adding type registration java.io.Serializable -> org.hibernate.type.BasicTypeReference@21e5f0b6
2024-07-14T19:53:14.198+05:30 DEBUG 6432 --- [RashiApplication-1] [           main] org.hibernate.type.BasicTypeRegistry     : Adding type registration timezone -> org.hibernate.type.BasicTypeReference@93bf0e0
2024-07-14T19:53:14.198+05:30 DEBUG 6432 --- [RashiApplication-1] [           main] org.hibernate.type.BasicTypeRegistry     : Adding type registration java.util.TimeZone -> org.hibernate.type.BasicTypeReference@93bf0e0
2024-07-14T19:53:14.198+05:30 DEBUG 6432 --- [RashiApplication-1] [           main] org.hibernate.type.BasicTypeRegistry     : Adding type registration ZoneOffset -> org.hibernate.type.BasicTypeReference@4981d95b
2024-07-14T19:53:14.198+05:30 DEBUG 6432 --- [RashiApplication-1] [           main] org.hibernate.type.BasicTypeRegistry     : Adding type registration java.time.ZoneOffset -> org.hibernate.type.BasicTypeReference@4981d95b
2024-07-14T19:53:14.198+05:30 DEBUG 6432 --- [RashiApplication-1] [           main] org.hibernate.type.BasicTypeRegistry     : Adding type registration url -> org.hibernate.type.BasicTypeReference@656842bc
2024-07-14T19:53:14.198+05:30 DEBUG 6432 --- [RashiApplication-1] [           main] org.hibernate.type.BasicTypeRegistry     : Adding type registration java.net.URL -> org.hibernate.type.BasicTypeReference@656842bc
2024-07-14T19:53:14.198+05:30 DEBUG 6432 --- [RashiApplication-1] [           main] org.hibernate.type.BasicTypeRegistry     : Adding type registration vector -> org.hibernate.type.BasicTypeReference@6b867ee7
2024-07-14T19:53:14.198+05:30 DEBUG 6432 --- [RashiApplication-1] [           main] org.hibernate.type.BasicTypeRegistry     : Adding type registration row_version -> org.hibernate.type.BasicTypeReference@3dec3f87
2024-07-14T19:53:14.204+05:30 DEBUG 6432 --- [RashiApplication-1] [           main] org.hibernate.type.BasicTypeRegistry     : Adding type registration object -> org.hibernate.type.JavaObjectType@32ab408e
2024-07-14T19:53:14.204+05:30 DEBUG 6432 --- [RashiApplication-1] [           main] org.hibernate.type.BasicTypeRegistry     : Adding type registration java.lang.Object -> org.hibernate.type.JavaObjectType@32ab408e
2024-07-14T19:53:14.205+05:30 DEBUG 6432 --- [RashiApplication-1] [           main] org.hibernate.type.BasicTypeRegistry     : Adding type registration null -> org.hibernate.type.NullType@497ed877
2024-07-14T19:53:14.205+05:30 DEBUG 6432 --- [RashiApplication-1] [           main] org.hibernate.type.BasicTypeRegistry     : Adding type registration imm_date -> org.hibernate.type.BasicTypeReference@3cb6e0ee
2024-07-14T19:53:14.205+05:30 DEBUG 6432 --- [RashiApplication-1] [           main] org.hibernate.type.BasicTypeRegistry     : Adding type registration imm_time -> org.hibernate.type.BasicTypeReference@7b6141f0
2024-07-14T19:53:14.205+05:30 DEBUG 6432 --- [RashiApplication-1] [           main] org.hibernate.type.BasicTypeRegistry     : Adding type registration imm_timestamp -> org.hibernate.type.BasicTypeReference@4fb64a52
2024-07-14T19:53:14.205+05:30 DEBUG 6432 --- [RashiApplication-1] [           main] org.hibernate.type.BasicTypeRegistry     : Adding type registration imm_calendar -> org.hibernate.type.BasicTypeReference@70b48eb3
2024-07-14T19:53:14.205+05:30 DEBUG 6432 --- [RashiApplication-1] [           main] org.hibernate.type.BasicTypeRegistry     : Adding type registration imm_calendar_date -> org.hibernate.type.BasicTypeReference@7b8ea1db
2024-07-14T19:53:14.205+05:30 DEBUG 6432 --- [RashiApplication-1] [           main] org.hibernate.type.BasicTypeRegistry     : Adding type registration imm_calendar_time -> org.hibernate.type.BasicTypeReference@a91119b
2024-07-14T19:53:14.205+05:30 DEBUG 6432 --- [RashiApplication-1] [           main] org.hibernate.type.BasicTypeRegistry     : Adding type registration imm_binary -> org.hibernate.type.BasicTypeReference@77083e41
2024-07-14T19:53:14.205+05:30 DEBUG 6432 --- [RashiApplication-1] [           main] org.hibernate.type.BasicTypeRegistry     : Adding type registration imm_serializable -> org.hibernate.type.BasicTypeReference@231df705
2024-07-14T19:53:14.527+05:30  INFO 6432 --- [RashiApplication-1] [           main] o.s.o.j.p.SpringPersistenceUnitInfo      : No LoadTimeWeaver setup: ignoring JPA class transformer
2024-07-14T19:53:14.571+05:30  INFO 6432 --- [RashiApplication-1] [           main] com.zaxxer.hikari.HikariDataSource       : HikariPool-1 - Starting...
2024-07-14T19:53:14.806+05:30  INFO 6432 --- [RashiApplication-1] [           main] com.zaxxer.hikari.pool.HikariPool        : HikariPool-1 - Added connection com.mysql.cj.jdbc.ConnectionImpl@5922cff3
2024-07-14T19:53:14.809+05:30  INFO 6432 --- [RashiApplication-1] [           main] com.zaxxer.hikari.HikariDataSource       : HikariPool-1 - Start completed.
2024-07-14T19:53:14.872+05:30  WARN 6432 --- [RashiApplication-1] [           main] org.hibernate.orm.deprecation            : HHH90000025: MySQL8Dialect does not need to be specified explicitly using 'hibernate.dialect' (remove the property setting and it will be selected by default)
2024-07-14T19:53:14.873+05:30  WARN 6432 --- [RashiApplication-1] [           main] org.hibernate.orm.deprecation            : HHH90000026: MySQL8Dialect has been deprecated; use org.hibernate.dialect.MySQLDialect instead
2024-07-14T19:53:14.911+05:30 DEBUG 6432 --- [RashiApplication-1] [           main] o.h.t.d.sql.spi.DdlTypeRegistry          : addDescriptor(12, org.hibernate.type.descriptor.sql.internal.CapacityDependentDdlType@7bce9ce4) replaced previous registration(org.hibernate.type.descriptor.sql.internal.CapacityDependentDdlType@1d2046bb)
2024-07-14T19:53:14.912+05:30 DEBUG 6432 --- [RashiApplication-1] [           main] o.h.t.d.sql.spi.DdlTypeRegistry          : addDescriptor(-9, org.hibernate.type.descriptor.sql.internal.CapacityDependentDdlType@3b33fff9) replaced previous registration(org.hibernate.type.descriptor.sql.internal.CapacityDependentDdlType@fd87c22)
2024-07-14T19:53:14.912+05:30 DEBUG 6432 --- [RashiApplication-1] [           main] o.h.t.d.sql.spi.DdlTypeRegistry          : addDescriptor(-3, org.hibernate.type.descriptor.sql.internal.CapacityDependentDdlType@fee881) replaced previous registration(org.hibernate.type.descriptor.sql.internal.CapacityDependentDdlType@1ff463bb)
2024-07-14T19:53:14.912+05:30 DEBUG 6432 --- [RashiApplication-1] [           main] o.h.t.d.sql.spi.DdlTypeRegistry          : addDescriptor(4003, org.hibernate.type.descriptor.sql.internal.DdlTypeImpl@3b9c9b8b) replaced previous registration(org.hibernate.type.descriptor.sql.internal.DdlTypeImpl@7769d9b6)
2024-07-14T19:53:14.912+05:30 DEBUG 6432 --- [RashiApplication-1] [           main] o.h.t.d.sql.spi.DdlTypeRegistry          : addDescriptor(4001, org.hibernate.type.descriptor.sql.internal.DdlTypeImpl@248d3a) replaced previous registration(org.hibernate.type.descriptor.sql.internal.DdlTypeImpl@3c71cf3e)
2024-07-14T19:53:14.912+05:30 DEBUG 6432 --- [RashiApplication-1] [           main] o.h.t.d.sql.spi.DdlTypeRegistry          : addDescriptor(4002, org.hibernate.type.descriptor.sql.internal.DdlTypeImpl@636e4bf8) replaced previous registration(org.hibernate.type.descriptor.sql.internal.DdlTypeImpl@5af38a4a)
2024-07-14T19:53:14.912+05:30 DEBUG 6432 --- [RashiApplication-1] [           main] o.h.t.d.sql.spi.DdlTypeRegistry          : addDescriptor(2004, org.hibernate.type.descriptor.sql.internal.CapacityDependentDdlType@7e1a9173) replaced previous registration(org.hibernate.type.descriptor.sql.internal.DdlTypeImpl@4ca0b9b1)
2024-07-14T19:53:14.913+05:30 DEBUG 6432 --- [RashiApplication-1] [           main] o.h.t.d.sql.spi.DdlTypeRegistry          : addDescriptor(2005, org.hibernate.type.descriptor.sql.internal.CapacityDependentDdlType@5d800a56) replaced previous registration(org.hibernate.type.descriptor.sql.internal.DdlTypeImpl@1be77a76)
2024-07-14T19:53:14.913+05:30 DEBUG 6432 --- [RashiApplication-1] [           main] o.h.t.d.sql.spi.DdlTypeRegistry          : addDescriptor(2011, org.hibernate.type.descriptor.sql.internal.CapacityDependentDdlType@315cf170) replaced previous registration(org.hibernate.type.descriptor.sql.internal.DdlTypeImpl@7878bbdb)
2024-07-14T19:53:14.915+05:30 DEBUG 6432 --- [RashiApplication-1] [           main] o.h.t.d.jdbc.spi.JdbcTypeRegistry        : addDescriptor(NCharTypeDescriptor) replaced previous registration(CharTypeDescriptor)
2024-07-14T19:53:14.915+05:30 DEBUG 6432 --- [RashiApplication-1] [           main] o.h.t.d.jdbc.spi.JdbcTypeRegistry        : addDescriptor(NVarcharTypeDescriptor) replaced previous registration(VarcharTypeDescriptor)
2024-07-14T19:53:14.916+05:30 DEBUG 6432 --- [RashiApplication-1] [           main] o.h.t.d.jdbc.spi.JdbcTypeRegistry        : addDescriptor(LongNVarcharTypeDescriptor) replaced previous registration(LongVarcharTypeDescriptor)
2024-07-14T19:53:14.919+05:30 DEBUG 6432 --- [RashiApplication-1] [           main] o.h.t.d.jdbc.spi.JdbcTypeRegistry        : addDescriptor(NClobTypeDescriptor(DEFAULT)) replaced previous registration(ClobTypeDescriptor(DEFAULT))
2024-07-14T19:53:14.919+05:30 DEBUG 6432 --- [RashiApplication-1] [           main] o.h.t.d.jdbc.spi.JdbcTypeRegistry        : addDescriptor(2005, ClobTypeDescriptor(STREAM_BINDING)) replaced previous registration(ClobTypeDescriptor(DEFAULT))
2024-07-14T19:53:14.924+05:30 DEBUG 6432 --- [RashiApplication-1] [           main] org.hibernate.type.BasicTypeRegistry     : Adding type registration null -> org.hibernate.type.NullType@5b1ff8cd
2024-07-14T19:53:14.924+05:30 DEBUG 6432 --- [RashiApplication-1] [           main] org.hibernate.type.BasicTypeRegistry     : Type registration key [null] overrode previous entry : `org.hibernate.type.NullType@497ed877`
2024-07-14T19:53:14.929+05:30 DEBUG 6432 --- [RashiApplication-1] [           main] org.hibernate.type.BasicTypeRegistry     : Adding type registration org.hibernate.type.DurationType -> basicType@1(java.time.Duration,3015)
2024-07-14T19:53:14.930+05:30 DEBUG 6432 --- [RashiApplication-1] [           main] org.hibernate.type.BasicTypeRegistry     : Adding type registration Duration -> basicType@1(java.time.Duration,3015)
2024-07-14T19:53:14.930+05:30 DEBUG 6432 --- [RashiApplication-1] [           main] org.hibernate.type.BasicTypeRegistry     : Adding type registration java.time.Duration -> basicType@1(java.time.Duration,3015)
2024-07-14T19:53:14.934+05:30 DEBUG 6432 --- [RashiApplication-1] [           main] org.hibernate.type.BasicTypeRegistry     : Adding type registration org.hibernate.type.OffsetDateTimeType -> basicType@2(java.time.OffsetDateTime,3003)
2024-07-14T19:53:14.935+05:30 DEBUG 6432 --- [RashiApplication-1] [           main] org.hibernate.type.BasicTypeRegistry     : Adding type registration OffsetDateTime -> basicType@2(java.time.OffsetDateTime,3003)
2024-07-14T19:53:14.935+05:30 DEBUG 6432 --- [RashiApplication-1] [           main] org.hibernate.type.BasicTypeRegistry     : Adding type registration java.time.OffsetDateTime -> basicType@2(java.time.OffsetDateTime,3003)
2024-07-14T19:53:14.935+05:30 DEBUG 6432 --- [RashiApplication-1] [           main] org.hibernate.type.BasicTypeRegistry     : Adding type registration org.hibernate.type.ZonedDateTimeType -> basicType@3(java.time.ZonedDateTime,3003)
2024-07-14T19:53:14.935+05:30 DEBUG 6432 --- [RashiApplication-1] [           main] org.hibernate.type.BasicTypeRegistry     : Adding type registration ZonedDateTime -> basicType@3(java.time.ZonedDateTime,3003)
2024-07-14T19:53:14.935+05:30 DEBUG 6432 --- [RashiApplication-1] [           main] org.hibernate.type.BasicTypeRegistry     : Adding type registration java.time.ZonedDateTime -> basicType@3(java.time.ZonedDateTime,3003)
2024-07-14T19:53:14.936+05:30 DEBUG 6432 --- [RashiApplication-1] [           main] org.hibernate.type.BasicTypeRegistry     : Adding type registration org.hibernate.type.OffsetTimeType -> basicType@4(java.time.OffsetTime,3007)
2024-07-14T19:53:14.936+05:30 DEBUG 6432 --- [RashiApplication-1] [           main] org.hibernate.type.BasicTypeRegistry     : Adding type registration OffsetTime -> basicType@4(java.time.OffsetTime,3007)
2024-07-14T19:53:14.936+05:30 DEBUG 6432 --- [RashiApplication-1] [           main] org.hibernate.type.BasicTypeRegistry     : Adding type registration java.time.OffsetTime -> basicType@4(java.time.OffsetTime,3007)
2024-07-14T19:53:14.938+05:30 DEBUG 6432 --- [RashiApplication-1] [           main] o.h.type.spi.TypeConfiguration$Scope     : Scoping TypeConfiguration [org.hibernate.type.spi.TypeConfiguration@36871e98] to MetadataBuildingContext [org.hibernate.boot.internal.MetadataBuildingContextRootImpl@70d687b8]
2024-07-14T19:53:15.960+05:30  INFO 6432 --- [RashiApplication-1] [           main] o.h.e.t.j.p.i.JtaPlatformInitiator       : HHH000489: No JTA platform available (set 'hibernate.transaction.jta.platform' to enable JTA platform integration)
2024-07-14T19:53:15.962+05:30 DEBUG 6432 --- [RashiApplication-1] [           main] o.h.type.spi.TypeConfiguration$Scope     : Scoping TypeConfiguration [org.hibernate.type.spi.TypeConfiguration@36871e98] to SessionFactoryImplementor [org.hibernate.internal.SessionFactoryImpl@4a29a1e6]
2024-07-14T19:53:16.023+05:30 TRACE 6432 --- [RashiApplication-1] [           main] o.h.type.spi.TypeConfiguration$Scope     : Handling #sessionFactoryCreated from [org.hibernate.internal.SessionFactoryImpl@4a29a1e6] for TypeConfiguration
2024-07-14T19:53:16.024+05:30  INFO 6432 --- [RashiApplication-1] [           main] j.LocalContainerEntityManagerFactoryBean : Initialized JPA EntityManagerFactory for persistence unit 'default'
2024-07-14T19:53:16.712+05:30  WARN 6432 --- [RashiApplication-1] [           main] JpaBaseConfiguration$JpaWebConfiguration : spring.jpa.open-in-view is enabled by default. Therefore, database queries may be performed during view rendering. Explicitly configure spring.jpa.open-in-view to disable this warning
2024-07-14T19:53:17.239+05:30  INFO 6432 --- [RashiApplication-1] [           main] c.r.a.RashiApplication1ApplicationTests  : Started RashiApplication1ApplicationTests in 5.387 seconds (process running for 6.871)
]]></system-out>
  </testcase>
</testsuite>